{"/home/nanomixer/dev/calculator-react-go/client/src/adapters/rest/RestCalculatorApi.ts": {"path":"/home/nanomixer/dev/calculator-react-go/client/src/adapters/rest/RestCalculatorApi.ts","statementMap":{"0":{"start":{"line":9,"column":17},"end":{"line":9,"column":null}},"1":{"start":{"line":13,"column":21},"end":{"line":17,"column":6}},"2":{"start":{"line":19,"column":17},"end":{"line":19,"column":38}},"3":{"start":{"line":21,"column":4},"end":{"line":22,"column":null}},"4":{"start":{"line":22,"column":6},"end":{"line":22,"column":null}},"5":{"start":{"line":25,"column":4},"end":{"line":25,"column":null}},"6":{"start":{"line":29,"column":44},"end":{"line":29,"column":null}},"7":{"start":{"line":30,"column":23},"end":{"line":30,"column":75}},"8":{"start":{"line":31,"column":4},"end":{"line":31,"column":null}},"9":{"start":{"line":35,"column":44},"end":{"line":35,"column":null}},"10":{"start":{"line":36,"column":23},"end":{"line":36,"column":80}},"11":{"start":{"line":37,"column":4},"end":{"line":37,"column":null}},"12":{"start":{"line":41,"column":44},"end":{"line":41,"column":null}},"13":{"start":{"line":42,"column":23},"end":{"line":42,"column":80}},"14":{"start":{"line":43,"column":4},"end":{"line":43,"column":null}},"15":{"start":{"line":47,"column":44},"end":{"line":47,"column":null}},"16":{"start":{"line":48,"column":23},"end":{"line":48,"column":78}},"17":{"start":{"line":49,"column":4},"end":{"line":49,"column":null}},"18":{"start":{"line":53,"column":43},"end":{"line":53,"column":52}},"19":{"start":{"line":54,"column":23},"end":{"line":54,"column":78}},"20":{"start":{"line":55,"column":4},"end":{"line":55,"column":null}},"21":{"start":{"line":59,"column":43},"end":{"line":59,"column":52}},"22":{"start":{"line":60,"column":23},"end":{"line":60,"column":82}},"23":{"start":{"line":61,"column":4},"end":{"line":61,"column":null}},"24":{"start":{"line":66,"column":37},"end":{"line":66,"column":60}}},"fnMap":{"0":{"name":"(anonymous_0)","decl":{"start":{"line":12,"column":16},"end":{"line":12,"column":24}},"loc":{"start":{"line":12,"column":69},"end":{"line":25,"column":null}},"line":12},"1":{"name":"(anonymous_1)","decl":{"start":{"line":28,"column":8},"end":{"line":28,"column":12}},"loc":{"start":{"line":28,"column":51},"end":{"line":31,"column":null}},"line":28},"2":{"name":"(anonymous_2)","decl":{"start":{"line":34,"column":8},"end":{"line":34,"column":17}},"loc":{"start":{"line":34,"column":56},"end":{"line":37,"column":null}},"line":34},"3":{"name":"(anonymous_3)","decl":{"start":{"line":40,"column":8},"end":{"line":40,"column":17}},"loc":{"start":{"line":40,"column":56},"end":{"line":43,"column":null}},"line":40},"4":{"name":"(anonymous_4)","decl":{"start":{"line":46,"column":8},"end":{"line":46,"column":15}},"loc":{"start":{"line":46,"column":54},"end":{"line":49,"column":null}},"line":46},"5":{"name":"(anonymous_5)","decl":{"start":{"line":52,"column":8},"end":{"line":52,"column":15}},"loc":{"start":{"line":52,"column":47},"end":{"line":55,"column":null}},"line":52},"6":{"name":"(anonymous_6)","decl":{"start":{"line":58,"column":8},"end":{"line":58,"column":19}},"loc":{"start":{"line":58,"column":51},"end":{"line":61,"column":null}},"line":58}},"branchMap":{"0":{"loc":{"start":{"line":21,"column":4},"end":{"line":22,"column":null}},"type":"if","locations":[{"start":{"line":21,"column":4},"end":{"line":22,"column":null}},{"start":{},"end":{}}],"line":21},"1":{"loc":{"start":{"line":22,"column":23},"end":{"line":22,"column":90}},"type":"binary-expr","locations":[{"start":{"line":22,"column":23},"end":{"line":22,"column":55}},{"start":{"line":22,"column":55},"end":{"line":22,"column":90}}],"line":22}},"s":{"0":1,"1":8,"2":8,"3":8,"4":2,"5":6,"6":2,"7":2,"8":1,"9":1,"10":1,"11":1,"12":1,"13":1,"14":1,"15":2,"16":2,"17":1,"18":1,"19":1,"20":1,"21":1,"22":1,"23":1,"24":1},"f":{"0":8,"1":2,"2":1,"3":1,"4":2,"5":1,"6":1},"b":{"0":[2,6],"1":[2,1]},"meta":{"lastBranch":2,"lastFunction":7,"lastStatement":25,"seen":{"s:9:17:9:Infinity":0,"f:12:16:12:24":0,"s:13:21:17:6":1,"s:19:17:19:38":2,"b:21:4:22:Infinity:undefined:undefined:undefined:undefined":0,"s:21:4:22:Infinity":3,"s:22:6:22:Infinity":4,"b:22:23:22:55:22:55:22:90":1,"s:25:4:25:Infinity":5,"f:28:8:28:12":1,"s:29:44:29:Infinity":6,"s:30:23:30:75":7,"s:31:4:31:Infinity":8,"f:34:8:34:17":2,"s:35:44:35:Infinity":9,"s:36:23:36:80":10,"s:37:4:37:Infinity":11,"f:40:8:40:17":3,"s:41:44:41:Infinity":12,"s:42:23:42:80":13,"s:43:4:43:Infinity":14,"f:46:8:46:15":4,"s:47:44:47:Infinity":15,"s:48:23:48:78":16,"s:49:4:49:Infinity":17,"f:52:8:52:15":5,"s:53:43:53:52":18,"s:54:23:54:78":19,"s:55:4:55:Infinity":20,"f:58:8:58:19":6,"s:59:43:59:52":21,"s:60:23:60:82":22,"s:61:4:61:Infinity":23,"s:66:37:66:60":24}}}
,"/home/nanomixer/dev/calculator-react-go/client/src/app/hooks/useCalculator.ts": {"path":"/home/nanomixer/dev/calculator-react-go/client/src/app/hooks/useCalculator.ts","statementMap":{"0":{"start":{"line":8,"column":16},"end":{"line":8,"column":77}},"1":{"start":{"line":10,"column":8},"end":{"line":11,"column":49}},"2":{"start":{"line":11,"column":4},"end":{"line":11,"column":49}},"3":{"start":{"line":11,"column":24},"end":{"line":11,"column":49}},"4":{"start":{"line":13,"column":22},"end":{"line":24,"column":null}},"5":{"start":{"line":16,"column":4},"end":{"line":16,"column":null}},"6":{"start":{"line":17,"column":4},"end":{"line":24,"column":null}},"7":{"start":{"line":18,"column":28},"end":{"line":18,"column":44}},"8":{"start":{"line":19,"column":6},"end":{"line":19,"column":null}},"9":{"start":{"line":21,"column":6},"end":{"line":24,"column":null}},"10":{"start":{"line":28,"column":8},"end":{"line":37,"column":null}},"11":{"start":{"line":29,"column":4},"end":{"line":37,"column":null}},"12":{"start":{"line":30,"column":6},"end":{"line":31,"column":null}},"13":{"start":{"line":31,"column":8},"end":{"line":31,"column":null}},"14":{"start":{"line":33,"column":6},"end":{"line":36,"column":null}},"15":{"start":{"line":40,"column":8},"end":{"line":49,"column":null}},"16":{"start":{"line":41,"column":4},"end":{"line":49,"column":null}},"17":{"start":{"line":42,"column":6},"end":{"line":43,"column":null}},"18":{"start":{"line":43,"column":8},"end":{"line":43,"column":null}},"19":{"start":{"line":45,"column":6},"end":{"line":46,"column":null}},"20":{"start":{"line":46,"column":8},"end":{"line":46,"column":null}},"21":{"start":{"line":48,"column":6},"end":{"line":48,"column":null}},"22":{"start":{"line":52,"column":8},"end":{"line":53,"column":null}},"23":{"start":{"line":53,"column":4},"end":{"line":53,"column":null}},"24":{"start":{"line":56,"column":8},"end":{"line":96,"column":null}},"25":{"start":{"line":57,"column":4},"end":{"line":96,"column":null}},"26":{"start":{"line":58,"column":25},"end":{"line":58,"column":50}},"27":{"start":{"line":60,"column":6},"end":{"line":66,"column":null}},"28":{"start":{"line":61,"column":8},"end":{"line":66,"column":null}},"29":{"start":{"line":70,"column":28},"end":{"line":70,"column":59}},"30":{"start":{"line":71,"column":19},"end":{"line":71,"column":null}},"31":{"start":{"line":73,"column":6},"end":{"line":85,"column":null}},"32":{"start":{"line":75,"column":10},"end":{"line":75,"column":null}},"33":{"start":{"line":76,"column":10},"end":{"line":76,"column":null}},"34":{"start":{"line":78,"column":10},"end":{"line":78,"column":null}},"35":{"start":{"line":79,"column":10},"end":{"line":79,"column":null}},"36":{"start":{"line":81,"column":10},"end":{"line":81,"column":null}},"37":{"start":{"line":82,"column":10},"end":{"line":82,"column":null}},"38":{"start":{"line":84,"column":10},"end":{"line":84,"column":null}},"39":{"start":{"line":85,"column":10},"end":{"line":85,"column":null}},"40":{"start":{"line":88,"column":24},"end":{"line":88,"column":38}},"41":{"start":{"line":89,"column":6},"end":{"line":95,"column":null}},"42":{"start":{"line":98,"column":8},"end":{"line":130,"column":null}},"43":{"start":{"line":99,"column":4},"end":{"line":130,"column":null}},"44":{"start":{"line":100,"column":6},"end":{"line":101,"column":null}},"45":{"start":{"line":101,"column":8},"end":{"line":101,"column":null}},"46":{"start":{"line":104,"column":25},"end":{"line":104,"column":50}},"47":{"start":{"line":105,"column":28},"end":{"line":105,"column":59}},"48":{"start":{"line":106,"column":19},"end":{"line":106,"column":null}},"49":{"start":{"line":108,"column":6},"end":{"line":120,"column":null}},"50":{"start":{"line":110,"column":10},"end":{"line":110,"column":null}},"51":{"start":{"line":111,"column":10},"end":{"line":111,"column":null}},"52":{"start":{"line":113,"column":10},"end":{"line":113,"column":null}},"53":{"start":{"line":114,"column":10},"end":{"line":114,"column":null}},"54":{"start":{"line":116,"column":10},"end":{"line":116,"column":null}},"55":{"start":{"line":117,"column":10},"end":{"line":117,"column":null}},"56":{"start":{"line":119,"column":10},"end":{"line":119,"column":null}},"57":{"start":{"line":120,"column":10},"end":{"line":120,"column":null}},"58":{"start":{"line":123,"column":6},"end":{"line":129,"column":null}},"59":{"start":{"line":132,"column":8},"end":{"line":136,"column":null}},"60":{"start":{"line":133,"column":4},"end":{"line":136,"column":null}},"61":{"start":{"line":134,"column":21},"end":{"line":134,"column":64}},"62":{"start":{"line":135,"column":6},"end":{"line":135,"column":null}},"63":{"start":{"line":138,"column":8},"end":{"line":142,"column":null}},"64":{"start":{"line":139,"column":4},"end":{"line":142,"column":null}},"65":{"start":{"line":140,"column":21},"end":{"line":140,"column":68}},"66":{"start":{"line":141,"column":6},"end":{"line":141,"column":null}},"67":{"start":{"line":144,"column":2},"end":{"line":153,"column":null}}},"fnMap":{"0":{"name":"useCalculator","decl":{"start":{"line":7,"column":16},"end":{"line":7,"column":30}},"loc":{"start":{"line":7,"column":54},"end":{"line":153,"column":null}},"line":7},"1":{"name":"(anonymous_1)","decl":{"start":{"line":10,"column":8},"end":{"line":10,"column":18}},"loc":{"start":{"line":11,"column":4},"end":{"line":11,"column":49}},"line":11},"2":{"name":"(anonymous_2)","decl":{"start":{"line":11,"column":4},"end":{"line":11,"column":14}},"loc":{"start":{"line":11,"column":24},"end":{"line":11,"column":49}},"line":11},"3":{"name":"(anonymous_3)","decl":{"start":{"line":13,"column":22},"end":{"line":13,"column":null}},"loc":{"start":{"line":15,"column":7},"end":{"line":24,"column":null}},"line":15},"4":{"name":"(anonymous_4)","decl":{"start":{"line":28,"column":8},"end":{"line":28,"column":22}},"loc":{"start":{"line":28,"column":40},"end":{"line":37,"column":null}},"line":28},"5":{"name":"(anonymous_5)","decl":{"start":{"line":29,"column":4},"end":{"line":29,"column":14}},"loc":{"start":{"line":29,"column":23},"end":{"line":37,"column":null}},"line":29},"6":{"name":"(anonymous_6)","decl":{"start":{"line":40,"column":8},"end":{"line":40,"column":29}},"loc":{"start":{"line":40,"column":29},"end":{"line":49,"column":null}},"line":40},"7":{"name":"(anonymous_7)","decl":{"start":{"line":41,"column":4},"end":{"line":41,"column":14}},"loc":{"start":{"line":41,"column":23},"end":{"line":49,"column":null}},"line":41},"8":{"name":"(anonymous_8)","decl":{"start":{"line":52,"column":8},"end":{"line":52,"column":22}},"loc":{"start":{"line":52,"column":22},"end":{"line":53,"column":null}},"line":52},"9":{"name":"(anonymous_9)","decl":{"start":{"line":56,"column":8},"end":{"line":56,"column":28}},"loc":{"start":{"line":57,"column":4},"end":{"line":96,"column":null}},"line":57},"10":{"name":"(anonymous_10)","decl":{"start":{"line":57,"column":16},"end":{"line":57,"column":28}},"loc":{"start":{"line":57,"column":28},"end":{"line":96,"column":null}},"line":57},"11":{"name":"(anonymous_11)","decl":{"start":{"line":98,"column":8},"end":{"line":98,"column":null}},"loc":{"start":{"line":99,"column":4},"end":{"line":130,"column":null}},"line":99},"12":{"name":"(anonymous_12)","decl":{"start":{"line":99,"column":16},"end":{"line":99,"column":28}},"loc":{"start":{"line":99,"column":28},"end":{"line":130,"column":null}},"line":99},"13":{"name":"(anonymous_13)","decl":{"start":{"line":132,"column":8},"end":{"line":132,"column":null}},"loc":{"start":{"line":133,"column":4},"end":{"line":136,"column":null}},"line":133},"14":{"name":"(anonymous_14)","decl":{"start":{"line":133,"column":16},"end":{"line":133,"column":28}},"loc":{"start":{"line":133,"column":28},"end":{"line":136,"column":null}},"line":133},"15":{"name":"(anonymous_15)","decl":{"start":{"line":138,"column":8},"end":{"line":138,"column":null}},"loc":{"start":{"line":139,"column":4},"end":{"line":142,"column":null}},"line":139},"16":{"name":"(anonymous_16)","decl":{"start":{"line":139,"column":16},"end":{"line":139,"column":28}},"loc":{"start":{"line":139,"column":28},"end":{"line":142,"column":null}},"line":139}},"branchMap":{"0":{"loc":{"start":{"line":22,"column":15},"end":{"line":22,"column":null}},"type":"cond-expr","locations":[{"start":{"line":22,"column":38},"end":{"line":22,"column":52}},{"start":{"line":22,"column":52},"end":{"line":22,"column":null}}],"line":22},"1":{"loc":{"start":{"line":30,"column":6},"end":{"line":31,"column":null}},"type":"if","locations":[{"start":{"line":30,"column":6},"end":{"line":31,"column":null}},{"start":{},"end":{}}],"line":30},"2":{"loc":{"start":{"line":35,"column":17},"end":{"line":35,"column":null}},"type":"cond-expr","locations":[{"start":{"line":35,"column":40},"end":{"line":35,"column":48}},{"start":{"line":35,"column":48},"end":{"line":35,"column":null}}],"line":35},"3":{"loc":{"start":{"line":42,"column":6},"end":{"line":43,"column":null}},"type":"if","locations":[{"start":{"line":42,"column":6},"end":{"line":43,"column":null}},{"start":{},"end":{}}],"line":42},"4":{"loc":{"start":{"line":45,"column":6},"end":{"line":46,"column":null}},"type":"if","locations":[{"start":{"line":45,"column":6},"end":{"line":46,"column":null}},{"start":{},"end":{}}],"line":45},"5":{"loc":{"start":{"line":60,"column":6},"end":{"line":66,"column":null}},"type":"if","locations":[{"start":{"line":60,"column":6},"end":{"line":66,"column":null}},{"start":{},"end":{}}],"line":60},"6":{"loc":{"start":{"line":73,"column":6},"end":{"line":85,"column":null}},"type":"switch","locations":[{"start":{"line":74,"column":8},"end":{"line":76,"column":null}},{"start":{"line":77,"column":8},"end":{"line":79,"column":null}},{"start":{"line":80,"column":8},"end":{"line":82,"column":null}},{"start":{"line":83,"column":8},"end":{"line":85,"column":null}}],"line":73},"7":{"loc":{"start":{"line":100,"column":6},"end":{"line":101,"column":null}},"type":"if","locations":[{"start":{"line":100,"column":6},"end":{"line":101,"column":null}},{"start":{},"end":{}}],"line":100},"8":{"loc":{"start":{"line":100,"column":10},"end":{"line":100,"column":59}},"type":"binary-expr","locations":[{"start":{"line":100,"column":10},"end":{"line":100,"column":29}},{"start":{"line":100,"column":29},"end":{"line":100,"column":59}}],"line":100},"9":{"loc":{"start":{"line":108,"column":6},"end":{"line":120,"column":null}},"type":"switch","locations":[{"start":{"line":109,"column":8},"end":{"line":111,"column":null}},{"start":{"line":112,"column":8},"end":{"line":114,"column":null}},{"start":{"line":115,"column":8},"end":{"line":117,"column":null}},{"start":{"line":118,"column":8},"end":{"line":120,"column":null}}],"line":108}},"s":{"0":95,"1":95,"2":62,"3":62,"4":95,"5":31,"6":31,"7":31,"8":29,"9":2,"10":95,"11":36,"12":36,"13":13,"14":23,"15":95,"16":3,"17":3,"18":1,"19":2,"20":1,"21":1,"22":95,"23":2,"24":95,"25":21,"26":21,"27":21,"28":17,"29":4,"30":4,"31":4,"32":2,"33":2,"34":0,"35":0,"36":1,"37":1,"38":1,"39":1,"40":4,"41":4,"42":95,"43":8,"44":8,"45":1,"46":7,"47":7,"48":7,"49":7,"50":3,"51":1,"52":2,"53":2,"54":1,"55":1,"56":1,"57":1,"58":5,"59":95,"60":1,"61":1,"62":1,"63":95,"64":1,"65":1,"66":1,"67":95},"f":{"0":95,"1":62,"2":62,"3":31,"4":36,"5":36,"6":3,"7":3,"8":2,"9":21,"10":21,"11":8,"12":8,"13":1,"14":1,"15":1,"16":1},"b":{"0":[1,1],"1":[13,23],"2":[21,2],"3":[1,2],"4":[1,1],"5":[17,4],"6":[2,0,1,1],"7":[1,7],"8":[8,7],"9":[3,2,1,1]},"meta":{"lastBranch":10,"lastFunction":17,"lastStatement":68,"seen":{"f:7:16:7:30":0,"s:8:16:8:77":0,"s:10:8:11:49":1,"f:10:8:10:18":1,"s:11:4:11:49":2,"f:11:4:11:14":2,"s:11:24:11:49":3,"s:13:22:24:Infinity":4,"f:13:22:13:Infinity":3,"s:16:4:16:Infinity":5,"s:17:4:24:Infinity":6,"s:18:28:18:44":7,"s:19:6:19:Infinity":8,"s:21:6:24:Infinity":9,"b:22:38:22:52:22:52:22:Infinity":0,"s:28:8:37:Infinity":10,"f:28:8:28:22":4,"s:29:4:37:Infinity":11,"f:29:4:29:14":5,"b:30:6:31:Infinity:undefined:undefined:undefined:undefined":1,"s:30:6:31:Infinity":12,"s:31:8:31:Infinity":13,"s:33:6:36:Infinity":14,"b:35:40:35:48:35:48:35:Infinity":2,"s:40:8:49:Infinity":15,"f:40:8:40:29":6,"s:41:4:49:Infinity":16,"f:41:4:41:14":7,"b:42:6:43:Infinity:undefined:undefined:undefined:undefined":3,"s:42:6:43:Infinity":17,"s:43:8:43:Infinity":18,"b:45:6:46:Infinity:undefined:undefined:undefined:undefined":4,"s:45:6:46:Infinity":19,"s:46:8:46:Infinity":20,"s:48:6:48:Infinity":21,"s:52:8:53:Infinity":22,"f:52:8:52:22":8,"s:53:4:53:Infinity":23,"s:56:8:96:Infinity":24,"f:56:8:56:28":9,"s:57:4:96:Infinity":25,"f:57:16:57:28":10,"s:58:25:58:50":26,"b:60:6:66:Infinity:undefined:undefined:undefined:undefined":5,"s:60:6:66:Infinity":27,"s:61:8:66:Infinity":28,"s:70:28:70:59":29,"s:71:19:71:Infinity":30,"b:74:8:76:Infinity:77:8:79:Infinity:80:8:82:Infinity:83:8:85:Infinity":6,"s:73:6:85:Infinity":31,"s:75:10:75:Infinity":32,"s:76:10:76:Infinity":33,"s:78:10:78:Infinity":34,"s:79:10:79:Infinity":35,"s:81:10:81:Infinity":36,"s:82:10:82:Infinity":37,"s:84:10:84:Infinity":38,"s:85:10:85:Infinity":39,"s:88:24:88:38":40,"s:89:6:95:Infinity":41,"s:98:8:130:Infinity":42,"f:98:8:98:Infinity":11,"s:99:4:130:Infinity":43,"f:99:16:99:28":12,"b:100:6:101:Infinity:undefined:undefined:undefined:undefined":7,"s:100:6:101:Infinity":44,"b:100:10:100:29:100:29:100:59":8,"s:101:8:101:Infinity":45,"s:104:25:104:50":46,"s:105:28:105:59":47,"s:106:19:106:Infinity":48,"b:109:8:111:Infinity:112:8:114:Infinity:115:8:117:Infinity:118:8:120:Infinity":9,"s:108:6:120:Infinity":49,"s:110:10:110:Infinity":50,"s:111:10:111:Infinity":51,"s:113:10:113:Infinity":52,"s:114:10:114:Infinity":53,"s:116:10:116:Infinity":54,"s:117:10:117:Infinity":55,"s:119:10:119:Infinity":56,"s:120:10:120:Infinity":57,"s:123:6:129:Infinity":58,"s:132:8:136:Infinity":59,"f:132:8:132:Infinity":13,"s:133:4:136:Infinity":60,"f:133:16:133:28":14,"s:134:21:134:64":61,"s:135:6:135:Infinity":62,"s:138:8:142:Infinity":63,"f:138:8:138:Infinity":15,"s:139:4:142:Infinity":64,"f:139:16:139:28":16,"s:140:21:140:68":65,"s:141:6:141:Infinity":66,"s:144:2:153:Infinity":67}}}
,"/home/nanomixer/dev/calculator-react-go/client/src/core/domain/CalculatorState.ts": {"path":"/home/nanomixer/dev/calculator-react-go/client/src/core/domain/CalculatorState.ts","statementMap":{"0":{"start":{"line":12,"column":55},"end":{"line":19,"column":null}}},"fnMap":{},"branchMap":{},"s":{"0":2},"f":{},"b":{},"meta":{"lastBranch":0,"lastFunction":0,"lastStatement":1,"seen":{"s:12:55:19:Infinity":0}}}
,"/home/nanomixer/dev/calculator-react-go/client/src/lib/utils.ts": {"path":"/home/nanomixer/dev/calculator-react-go/client/src/lib/utils.ts","statementMap":{"0":{"start":{"line":5,"column":2},"end":{"line":5,"column":null}}},"fnMap":{"0":{"name":"cn","decl":{"start":{"line":4,"column":16},"end":{"line":4,"column":19}},"loc":{"start":{"line":4,"column":44},"end":{"line":5,"column":null}},"line":4}},"branchMap":{},"s":{"0":304},"f":{"0":304},"b":{},"meta":{"lastBranch":0,"lastFunction":1,"lastStatement":1,"seen":{"f:4:16:4:19":0,"s:5:2:5:Infinity":0}}}
,"/home/nanomixer/dev/calculator-react-go/client/src/ui/components/custom/CalculatorDisplay.tsx": {"path":"/home/nanomixer/dev/calculator-react-go/client/src/ui/components/custom/CalculatorDisplay.tsx","statementMap":{"0":{"start":{"line":20,"column":22},"end":{"line":20,"column":null}},"1":{"start":{"line":21,"column":21},"end":{"line":23,"column":null}},"2":{"start":{"line":25,"column":2},"end":{"line":57,"column":null}}},"fnMap":{"0":{"name":"CalculatorDisplay","decl":{"start":{"line":12,"column":16},"end":{"line":12,"column":34}},"loc":{"start":{"line":19,"column":27},"end":{"line":57,"column":null}},"line":19}},"branchMap":{"0":{"loc":{"start":{"line":20,"column":22},"end":{"line":20,"column":null}},"type":"binary-expr","locations":[{"start":{"line":20,"column":22},"end":{"line":20,"column":48}},{"start":{"line":20,"column":48},"end":{"line":20,"column":null}}],"line":20},"1":{"loc":{"start":{"line":21,"column":21},"end":{"line":23,"column":null}},"type":"cond-expr","locations":[{"start":{"line":22,"column":6},"end":{"line":22,"column":null}},{"start":{"line":23,"column":6},"end":{"line":23,"column":null}}],"line":21},"2":{"loc":{"start":{"line":22,"column":38},"end":{"line":22,"column":null}},"type":"cond-expr","locations":[{"start":{"line":22,"column":59},"end":{"line":22,"column":69}},{"start":{"line":22,"column":69},"end":{"line":22,"column":null}}],"line":22},"3":{"loc":{"start":{"line":28,"column":7},"end":{"line":35,"column":7}},"type":"binary-expr","locations":[{"start":{"line":28,"column":7},"end":{"line":28,"column":null}},{"start":{"line":29,"column":8},"end":{"line":35,"column":7}}],"line":28},"4":{"loc":{"start":{"line":37,"column":9},"end":{"line":40,"column":null}},"type":"binary-expr","locations":[{"start":{"line":37,"column":9},"end":{"line":37,"column":null}},{"start":{"line":38,"column":10},"end":{"line":40,"column":null}}],"line":37},"5":{"loc":{"start":{"line":51,"column":12},"end":{"line":51,"column":null}},"type":"cond-expr","locations":[{"start":{"line":51,"column":22},"end":{"line":51,"column":37}},{"start":{"line":51,"column":37},"end":{"line":51,"column":null}}],"line":51},"6":{"loc":{"start":{"line":54,"column":11},"end":{"line":54,"column":null}},"type":"cond-expr","locations":[{"start":{"line":54,"column":32},"end":{"line":54,"column":68}},{"start":{"line":54,"column":71},"end":{"line":54,"column":null}}],"line":54}},"s":{"0":9,"1":9,"2":9},"f":{"0":9},"b":{"0":[9,2],"1":[2,7],"2":[1,1],"3":[9,2],"4":[9,2],"5":[2,7],"6":[0,9]},"meta":{"lastBranch":7,"lastFunction":1,"lastStatement":3,"seen":{"f:12:16:12:34":0,"s:20:22:20:Infinity":0,"b:20:22:20:48:20:48:20:Infinity":0,"s:21:21:23:Infinity":1,"b:22:6:22:Infinity:23:6:23:Infinity":1,"b:22:59:22:69:22:69:22:Infinity":2,"s:25:2:57:Infinity":2,"b:28:7:28:Infinity:29:8:35:7":3,"b:37:9:37:Infinity:38:10:40:Infinity":4,"b:51:22:51:37:51:37:51:Infinity":5,"b:54:32:54:68:54:71:54:Infinity":6}}}
,"/home/nanomixer/dev/calculator-react-go/client/src/ui/components/custom/CalculatorKeypad.tsx": {"path":"/home/nanomixer/dev/calculator-react-go/client/src/ui/components/custom/CalculatorKeypad.tsx","statementMap":{"0":{"start":{"line":27,"column":2},"end":{"line":200,"column":null}},"1":{"start":{"line":60,"column":23},"end":{"line":60,"column":46}},"2":{"start":{"line":70,"column":23},"end":{"line":70,"column":40}},"3":{"start":{"line":78,"column":23},"end":{"line":78,"column":40}},"4":{"start":{"line":86,"column":23},"end":{"line":86,"column":40}},"5":{"start":{"line":97,"column":23},"end":{"line":97,"column":46}},"6":{"start":{"line":107,"column":23},"end":{"line":107,"column":40}},"7":{"start":{"line":115,"column":23},"end":{"line":115,"column":40}},"8":{"start":{"line":123,"column":23},"end":{"line":123,"column":40}},"9":{"start":{"line":134,"column":23},"end":{"line":134,"column":46}},"10":{"start":{"line":144,"column":23},"end":{"line":144,"column":40}},"11":{"start":{"line":152,"column":23},"end":{"line":152,"column":40}},"12":{"start":{"line":160,"column":23},"end":{"line":160,"column":40}},"13":{"start":{"line":171,"column":23},"end":{"line":171,"column":46}},"14":{"start":{"line":181,"column":23},"end":{"line":181,"column":40}}},"fnMap":{"0":{"name":"CalculatorKeypad","decl":{"start":{"line":16,"column":16},"end":{"line":16,"column":33}},"loc":{"start":{"line":26,"column":26},"end":{"line":200,"column":null}},"line":26},"1":{"name":"(anonymous_1)","decl":{"start":{"line":60,"column":8},"end":{"line":60,"column":23}},"loc":{"start":{"line":60,"column":23},"end":{"line":60,"column":46}},"line":60},"2":{"name":"(anonymous_2)","decl":{"start":{"line":70,"column":8},"end":{"line":70,"column":23}},"loc":{"start":{"line":70,"column":23},"end":{"line":70,"column":40}},"line":70},"3":{"name":"(anonymous_3)","decl":{"start":{"line":78,"column":8},"end":{"line":78,"column":23}},"loc":{"start":{"line":78,"column":23},"end":{"line":78,"column":40}},"line":78},"4":{"name":"(anonymous_4)","decl":{"start":{"line":86,"column":8},"end":{"line":86,"column":23}},"loc":{"start":{"line":86,"column":23},"end":{"line":86,"column":40}},"line":86},"5":{"name":"(anonymous_5)","decl":{"start":{"line":97,"column":8},"end":{"line":97,"column":23}},"loc":{"start":{"line":97,"column":23},"end":{"line":97,"column":46}},"line":97},"6":{"name":"(anonymous_6)","decl":{"start":{"line":107,"column":8},"end":{"line":107,"column":23}},"loc":{"start":{"line":107,"column":23},"end":{"line":107,"column":40}},"line":107},"7":{"name":"(anonymous_7)","decl":{"start":{"line":115,"column":8},"end":{"line":115,"column":23}},"loc":{"start":{"line":115,"column":23},"end":{"line":115,"column":40}},"line":115},"8":{"name":"(anonymous_8)","decl":{"start":{"line":123,"column":8},"end":{"line":123,"column":23}},"loc":{"start":{"line":123,"column":23},"end":{"line":123,"column":40}},"line":123},"9":{"name":"(anonymous_9)","decl":{"start":{"line":134,"column":8},"end":{"line":134,"column":23}},"loc":{"start":{"line":134,"column":23},"end":{"line":134,"column":46}},"line":134},"10":{"name":"(anonymous_10)","decl":{"start":{"line":144,"column":8},"end":{"line":144,"column":23}},"loc":{"start":{"line":144,"column":23},"end":{"line":144,"column":40}},"line":144},"11":{"name":"(anonymous_11)","decl":{"start":{"line":152,"column":8},"end":{"line":152,"column":23}},"loc":{"start":{"line":152,"column":23},"end":{"line":152,"column":40}},"line":152},"12":{"name":"(anonymous_12)","decl":{"start":{"line":160,"column":8},"end":{"line":160,"column":23}},"loc":{"start":{"line":160,"column":23},"end":{"line":160,"column":40}},"line":160},"13":{"name":"(anonymous_13)","decl":{"start":{"line":171,"column":8},"end":{"line":171,"column":23}},"loc":{"start":{"line":171,"column":23},"end":{"line":171,"column":46}},"line":171},"14":{"name":"(anonymous_14)","decl":{"start":{"line":181,"column":8},"end":{"line":181,"column":23}},"loc":{"start":{"line":181,"column":23},"end":{"line":181,"column":40}},"line":181}},"branchMap":{"0":{"loc":{"start":{"line":56,"column":10},"end":{"line":58,"column":null}},"type":"cond-expr","locations":[{"start":{"line":57,"column":14},"end":{"line":57,"column":null}},{"start":{"line":58,"column":14},"end":{"line":58,"column":null}}],"line":56},"1":{"loc":{"start":{"line":93,"column":10},"end":{"line":95,"column":null}},"type":"cond-expr","locations":[{"start":{"line":94,"column":14},"end":{"line":94,"column":null}},{"start":{"line":95,"column":14},"end":{"line":95,"column":null}}],"line":93},"2":{"loc":{"start":{"line":130,"column":10},"end":{"line":132,"column":null}},"type":"cond-expr","locations":[{"start":{"line":131,"column":14},"end":{"line":131,"column":null}},{"start":{"line":132,"column":14},"end":{"line":132,"column":null}}],"line":130},"3":{"loc":{"start":{"line":167,"column":10},"end":{"line":169,"column":null}},"type":"cond-expr","locations":[{"start":{"line":168,"column":14},"end":{"line":168,"column":null}},{"start":{"line":169,"column":14},"end":{"line":169,"column":null}}],"line":167}},"s":{"0":16,"1":1,"2":2,"3":1,"4":1,"5":1,"6":1,"7":1,"8":1,"9":1,"10":1,"11":1,"12":1,"13":1,"14":1},"f":{"0":16,"1":1,"2":2,"3":1,"4":1,"5":1,"6":1,"7":1,"8":1,"9":1,"10":1,"11":1,"12":1,"13":1,"14":1},"b":{"0":[1,15],"1":[1,15],"2":[1,15],"3":[1,15]},"meta":{"lastBranch":4,"lastFunction":15,"lastStatement":15,"seen":{"f:16:16:16:33":0,"s:27:2:200:Infinity":0,"b:57:14:57:Infinity:58:14:58:Infinity":0,"f:60:8:60:23":1,"s:60:23:60:46":1,"f:70:8:70:23":2,"s:70:23:70:40":2,"f:78:8:78:23":3,"s:78:23:78:40":3,"f:86:8:86:23":4,"s:86:23:86:40":4,"b:94:14:94:Infinity:95:14:95:Infinity":1,"f:97:8:97:23":5,"s:97:23:97:46":5,"f:107:8:107:23":6,"s:107:23:107:40":6,"f:115:8:115:23":7,"s:115:23:115:40":7,"f:123:8:123:23":8,"s:123:23:123:40":8,"b:131:14:131:Infinity:132:14:132:Infinity":2,"f:134:8:134:23":9,"s:134:23:134:46":9,"f:144:8:144:23":10,"s:144:23:144:40":10,"f:152:8:152:23":11,"s:152:23:152:40":11,"f:160:8:160:23":12,"s:160:23:160:40":12,"b:168:14:168:Infinity:169:14:169:Infinity":3,"f:171:8:171:23":13,"s:171:23:171:46":13,"f:181:8:181:23":14,"s:181:23:181:40":14}}}
,"/home/nanomixer/dev/calculator-react-go/client/src/ui/pages/Calculator.tsx": {"path":"/home/nanomixer/dev/calculator-react-go/client/src/ui/pages/Calculator.tsx","statementMap":{"0":{"start":{"line":16,"column":4},"end":{"line":17,"column":42}},"1":{"start":{"line":19,"column":2},"end":{"line":42,"column":null}}},"fnMap":{"0":{"name":"Calculator","decl":{"start":{"line":6,"column":24},"end":{"line":6,"column":37}},"loc":{"start":{"line":6,"column":37},"end":{"line":42,"column":null}},"line":6}},"branchMap":{},"s":{"0":3,"1":3},"f":{"0":3},"b":{},"meta":{"lastBranch":0,"lastFunction":1,"lastStatement":2,"seen":{"f:6:24:6:37":0,"s:16:4:17:42":0,"s:19:2:42:Infinity":1}}}
}
